<?xml version="1.0" encoding="UTF-8"?>
<!-- Generated by org.testng.reporters.JUnitReportReporter -->
<testsuite hostname="fedora" failures="0" tests="1" name="flipkart.automation.scripts.TC_LoginDDT02" time="0.000" errors="0" timestamp="2022-03-10T12:20:31 IST" skipped="1">
  <testcase classname="flipkart.automation.scripts.TC_LoginDDT02" name="loginDDT" time="0.000">
    <skipped/>
  </testcase> <!-- loginDDT -->
  <system-out/>
</testsuite> <!-- flipkart.automation.scripts.TC_LoginDDT02 -->
