<?xml version="1.0" encoding="UTF-8"?>
<!-- Generated by org.testng.reporters.JUnitReportReporter -->
<testsuite hostname="fedora" failures="0" tests="1" name="flipkart.automation.scripts.verifyinglogin" time="13.681" errors="0" timestamp="2022-03-14T13:01:39 IST" skipped="0">
  <testcase classname="flipkart.automation.scripts.verifyinglogin" name="test2" time="13.681"/>
  <system-out/>
</testsuite> <!-- flipkart.automation.scripts.verifyinglogin -->
