<?xml version="1.0" encoding="UTF-8"?>
<!-- Generated by org.testng.reporters.JUnitReportReporter -->
<testsuite hostname="fedora" failures="0" tests="1" name="flipkart.automation.scripts.SearchInvalid" time="17.670" errors="0" timestamp="2022-03-14T13:01:39 IST" skipped="0">
  <testcase classname="flipkart.automation.scripts.SearchInvalid" name="test3" time="17.670"/>
  <system-out/>
</testsuite> <!-- flipkart.automation.scripts.SearchInvalid -->
