<?xml version="1.0" encoding="UTF-8"?>
<!-- Generated by org.testng.reporters.JUnitReportReporter -->
<testsuite hostname="fedora" failures="0" tests="1" name="flipkart.automation.scripts.SignIn" time="69.558" errors="0" timestamp="2022-03-14T13:01:39 IST" skipped="0">
  <testcase classname="flipkart.automation.scripts.SignIn" name="test1" time="69.558"/>
  <system-out>
SAMSUNG 253 L Frost Free Double Door 3 Star Convertible Refrigerator SAMSUNG 275 L Frost Free Double Door 3 Star Convertible Refrigerator SAMSUNG 275 L Frost Free Double Door 3 Star Refrigerator  </system-out>
</testsuite> <!-- flipkart.automation.scripts.SignIn -->
