<?xml version="1.0" encoding="UTF-8"?>
<!-- Generated by org.testng.reporters.JUnitReportReporter -->
<testsuite hostname="fedora" failures="0" tests="1" name="flipkart.automation.scripts.TC_LoginWindow01" time="0.800" errors="0" timestamp="2022-03-10T12:20:31 IST" skipped="0">
  <testcase classname="flipkart.automation.scripts.TC_LoginWindow01" name="loginTest" time="0.800"/>
  <system-out/>
</testsuite> <!-- flipkart.automation.scripts.TC_LoginWindow01 -->
